2025-08-20 10:41:15.359 [info] [main] Log level: Info
2025-08-20 10:41:15.359 [info] [main] Validating found git in: "git"
2025-08-20 10:41:15.359 [info] [main] Using git "2.39.5" from "git"
2025-08-20 10:41:15.359 [info] [Model][doInitialScan] Initial repository scan started
2025-08-20 10:41:15.360 [info] > git rev-parse --show-toplevel [57ms]
2025-08-20 10:41:15.360 [info] > git rev-parse --git-dir --git-common-dir --show-superproject-working-tree [25ms]
2025-08-20 10:41:15.370 [info] [Model][openRepository] Opened repository (path): /home/coder
2025-08-20 10:41:15.370 [info] [Model][openRepository] Opened repository (real path): /home/coder
2025-08-20 10:41:15.370 [info] [Model][openRepository] Opened repository (kind): repository
2025-08-20 10:41:15.381 [info] [Git][getRemotes] No remotes found in the git config file
2025-08-20 10:41:15.391 [info] > git config --get commit.template [15ms]
2025-08-20 10:41:15.412 [info] > git for-each-ref --format=%(refname)%00%(upstream:short)%00%(objectname)%00%(upstream:track)%00%(upstream:remotename)%00%(upstream:remoteref) refs/heads/master refs/remotes/master [27ms]
2025-08-20 10:41:15.413 [warning] [Git][getBranch] No such branch: master
2025-08-20 10:41:15.419 [info] > git rev-parse --show-toplevel [40ms]
2025-08-20 10:41:15.437 [info] > git rev-parse --show-toplevel [15ms]
2025-08-20 10:41:15.441 [info] > git for-each-ref --sort -committerdate --format %(refname)%00%(objectname)%00%(*objectname) [22ms]
2025-08-20 10:41:15.457 [info] > git rev-parse --show-toplevel [17ms]
2025-08-20 10:41:15.478 [info] > git rev-parse --show-toplevel [18ms]
2025-08-20 10:41:15.480 [info] [Model][doInitialScan] Initial repository scan completed - repositories (1), closed repositories (0), parent repositories (0), unsafe repositories (0)
2025-08-20 10:41:15.549 [info] > git status -z -uall [132ms]
2025-08-20 10:41:15.561 [info] [Git][getRemotes] No remotes found in the git config file
2025-08-20 10:41:15.574 [info] > git config --get commit.template [14ms]
2025-08-20 10:41:15.577 [info] > git for-each-ref --format=%(refname)%00%(upstream:short)%00%(objectname)%00%(upstream:track)%00%(upstream:remotename)%00%(upstream:remoteref) refs/heads/master refs/remotes/master [22ms]
2025-08-20 10:41:15.577 [warning] [Git][getBranch] No such branch: master
2025-08-20 10:41:15.577 [error] [GitHistoryProvider][resolveHEADMergeBase] Failed to resolve merge base for master: Error: No such branch: master.
2025-08-20 10:41:15.587 [info] > git for-each-ref --format=%(refname)%00%(upstream:short)%00%(objectname)%00%(upstream:track)%00%(upstream:remotename)%00%(upstream:remoteref) refs/heads/master refs/remotes/master [23ms]
2025-08-20 10:41:15.587 [warning] [Git][getBranch] No such branch: master
2025-08-20 10:41:15.612 [info] > git for-each-ref --sort -committerdate --format %(refname)%00%(objectname)%00%(*objectname) [20ms]
2025-08-20 10:41:15.719 [info] > git status -z -uall [129ms]
2025-08-20 10:41:15.951 [info] > git check-ignore -v -z --stdin [24ms]
2025-08-20 10:42:59.148 [info] [Git][getRemotes] No remotes found in the git config file
2025-08-20 10:42:59.156 [info] > git config --get commit.template [12ms]
2025-08-20 10:42:59.170 [info] > git for-each-ref --format=%(refname)%00%(upstream:short)%00%(objectname)%00%(upstream:track)%00%(upstream:remotename)%00%(upstream:remoteref) refs/heads/master refs/remotes/master [22ms]
2025-08-20 10:42:59.170 [warning] [Git][getBranch] No such branch: master
2025-08-20 10:42:59.195 [info] > git for-each-ref --sort -committerdate --format %(refname)%00%(objectname)%00%(*objectname) [20ms]
2025-08-20 10:42:59.292 [info] > git status -z -uall [119ms]
